0 info it worked if it ends with ok
1 verbose cli [ 'C:\\Program Files\\nodejs\\node.exe',
1 verbose cli   'C:\\Program Files\\nodejs\\node_modules\\npm\\bin\\npm-cli.js',
1 verbose cli   'run',
1 verbose cli   'dev' ]
2 info using npm@3.10.10
3 info using node@v6.9.4
4 verbose run-script [ 'predev', 'dev', 'postdev' ]
5 info lifecycle flux-pricing@0.0.1~predev: flux-pricing@0.0.1
6 silly lifecycle flux-pricing@0.0.1~predev: no script for predev, continuing
7 info lifecycle flux-pricing@0.0.1~dev: flux-pricing@0.0.1
8 verbose lifecycle flux-pricing@0.0.1~dev: unsafe-perm in lifecycle true
9 verbose lifecycle flux-pricing@0.0.1~dev: PATH: C:\Program Files\nodejs\node_modules\npm\bin\node-gyp-bin;C:\Users\ChiragKumar\react\ReactJs\new\Client\node_modules\.bin;C:\ProgramData\Oracle\Java\javapath;C:\Windows\System32;C:\Program Files\Git\cmd;C:\Program Files\Git\mingw64\bin;C:\Program Files\Git\usr\bin;C:\Program Files (x86)\Skype\Phone\;C:\Program Files\nodejs\;C:\Program Files\Java\jdk1.8.0_121\bin;C:\Program Files (x86)\NVIDIA Corporation\PhysX\Common;C:\Program Files\Microsoft SQL Server\110\Tools\Binn\;C:\Program Files\MongoDB\Server\3.2\bin;C:\Users\ChiragKumar\AppData\Roaming\npm
10 verbose lifecycle flux-pricing@0.0.1~dev: CWD: C:\Users\ChiragKumar\react\ReactJs\new\Client
11 silly lifecycle flux-pricing@0.0.1~dev: Args: [ '/d /s /c', 'webpack-dev-server --content-base . --hot' ]
12 silly lifecycle flux-pricing@0.0.1~dev: Returned: code: 1  signal: null
13 info lifecycle flux-pricing@0.0.1~dev: Failed to exec dev script
14 verbose stack Error: flux-pricing@0.0.1 dev: `webpack-dev-server --content-base . --hot`
14 verbose stack Exit status 1
14 verbose stack     at EventEmitter.<anonymous> (C:\Program Files\nodejs\node_modules\npm\lib\utils\lifecycle.js:255:16)
14 verbose stack     at emitTwo (events.js:106:13)
14 verbose stack     at EventEmitter.emit (events.js:191:7)
14 verbose stack     at ChildProcess.<anonymous> (C:\Program Files\nodejs\node_modules\npm\lib\utils\spawn.js:40:14)
14 verbose stack     at emitTwo (events.js:106:13)
14 verbose stack     at ChildProcess.emit (events.js:191:7)
14 verbose stack     at maybeClose (internal/child_process.js:877:16)
14 verbose stack     at Process.ChildProcess._handle.onexit (internal/child_process.js:226:5)
15 verbose pkgid flux-pricing@0.0.1
16 verbose cwd C:\Users\ChiragKumar\react\ReactJs\new\Client\react
17 error Windows_NT 6.3.9600
18 error argv "C:\\Program Files\\nodejs\\node.exe" "C:\\Program Files\\nodejs\\node_modules\\npm\\bin\\npm-cli.js" "run" "dev"
19 error node v6.9.4
20 error npm  v3.10.10
21 error code ELIFECYCLE
22 error flux-pricing@0.0.1 dev: `webpack-dev-server --content-base . --hot`
22 error Exit status 1
23 error Failed at the flux-pricing@0.0.1 dev script 'webpack-dev-server --content-base . --hot'.
23 error Make sure you have the latest version of node.js and npm installed.
23 error If you do, this is most likely a problem with the flux-pricing package,
23 error not with npm itself.
23 error Tell the author that this fails on your system:
23 error     webpack-dev-server --content-base . --hot
23 error You can get information on how to open an issue for this project with:
23 error     npm bugs flux-pricing
23 error Or if that isn't available, you can get their info via:
23 error     npm owner ls flux-pricing
23 error There is likely additional logging output above.
24 verbose exit [ 1, true ]
